<?xml version="1.0" encoding="UTF-8"?>
<!-- Generated by org.testng.reporters.JUnitReportReporter -->
<testsuite hostname="DESKTOP-53NE7RO" failures="0" tests="1" name="com.test.classes.Verify_Loginfunctionality" time="24.816" errors="0" timestamp="2023-06-23T19:46:26 IST" skipped="0">
  <testcase classname="com.test.classes.Verify_Loginfunctionality" name="verifyloginfunctionality" time="24.816"/>
  <system-out/>
</testsuite> <!-- com.test.classes.Verify_Loginfunctionality -->
