<?xml version="1.0" encoding="UTF-8"?>
<!-- Generated by org.testng.reporters.JUnitReportReporter -->
<testsuite hostname="DESKTOP-53NE7RO" failures="0" tests="1" name="com.test.classes.Testbaseclass" time="14.215" errors="0" timestamp="2023-06-20T19:02:43 IST" skipped="0">
  <testcase classname="com.test.classes.Testbaseclass" name="baseclass" time="14.215"/>
  <system-out/>
</testsuite> <!-- com.test.classes.Testbaseclass -->
