<?xml version="1.0" encoding="UTF-8"?>
<!-- Generated by org.testng.reporters.JUnitReportReporter -->
<testsuite hostname="DESKTOP-53NE7RO" failures="0" tests="1" name="com.test.classes.VerifyAllproductintoaddtocat" time="27.197" errors="0" timestamp="2023-06-23T19:46:26 IST" skipped="0">
  <testcase classname="com.test.classes.VerifyAllproductintoaddtocat" name="verifyallproduct" time="27.197"/>
  <system-out/>
</testsuite> <!-- com.test.classes.VerifyAllproductintoaddtocat -->
